This file contains any messages produced by compilers while
running configure, to aid debugging if configure makes a mistake.

It was created by sshpass configure 1.05, which was
generated by GNU Autoconf 2.67.  Invocation command line was

  $ ./configure 

## --------- ##
## Platform. ##
## --------- ##

hostname = yx-testing-oped2006.vm.baidu.com
uname -m = x86_64
uname -r = 2.6.32_1-5-0-0
uname -s = Linux
uname -v = #2 SMP Fri May 11 16:00:31 CST 2012

/usr/bin/uname -p = unknown
/bin/uname -X     = unknown

/bin/arch              = x86_64
/usr/bin/arch -k       = unknown
/usr/convex/getsysinfo = unknown
/usr/bin/hostinfo      = unknown
/bin/machine           = unknown
/usr/bin/oslevel       = unknown
/bin/universe          = unknown

PATH: /home/work/local/go/bin
PATH: /home/work/btest/errHunter
PATH: /home/work/staf/extbin/atptool/bin/atpfs
PATH: /home/work/staf/extbin/atptool/bin/atpreport
PATH: /home/work/staf/extbin/atptool/bin/atpkeylib
PATH: /home/work/staf/extbin/atptool/bin/atpcaserun
PATH: /home/work/oped/tools/errHunter/errHunter
PATH: /home/work/local/go
PATH: /home/work/ccover/bin
PATH: /home/work/btest/bin
PATH: /home/work/valgrind/bin
PATH: /home/work/ci/lib/baselib/bin
PATH: /home/work/octopus
PATH: /home/work/staf/extbin/atptool/bin/atpfs
PATH: /home/work/staf/extbin/atptool/bin/atpreport
PATH: /home/work/staf/extbin/atptool/bin/atpkeylib
PATH: /home/work/staf/extbin/atptool/bin/atpcaserun
PATH: /home/work/safe//bin
PATH: /home/work/tools/scmtools/usr/bin
PATH: /home/work/safe/tool/subversion/bin
PATH: /usr/local/php5/bin
PATH: /usr/local/sbin
PATH: /usr/kerberos/bin
PATH: /usr/local/bin
PATH: /bin
PATH: /usr/bin
PATH: /usr/X11R6/bin
PATH: /usr/share/baidu/bin
PATH: /home/work/noah/tools/gingko/bin
PATH: /home/work/bin
PATH: /home/work/file-center/jdk/bin
PATH: /home/work/file-center/jdk/lib/dt.jar
PATH: /home/work/file-center/jdk/lib/tools.jar
PATH: /home/work/noah/thirdparty/mysql5/bin/


## ----------- ##
## Core tests. ##
## ----------- ##

configure:2203: checking for a BSD-compatible install
configure:2271: result: /usr/bin/install -c
configure:2282: checking whether build environment is sane
configure:2332: result: yes
configure:2473: checking for a thread-safe mkdir -p
configure:2512: result: /bin/mkdir -p
configure:2525: checking for gawk
configure:2541: found /bin/gawk
configure:2552: result: gawk
configure:2563: checking whether make sets $(MAKE)
configure:2585: result: yes
configure:2680: checking for style of include used by make
configure:2708: result: GNU
configure:2778: checking for gcc
configure:2794: found /home/work/ccover/bin/gcc
configure:2805: result: gcc
configure:3034: checking for C compiler version
configure:3043: gcc --version >&5
gcc (GCC) 3.4.5 20051201 (Red Hat 3.4.5-2)
Copyright (C) 2004 Free Software Foundation, Inc.
This is free software; see the source for copying conditions.  There is NO
warranty; not even for MERCHANTABILITY or FITNESS FOR A PARTICULAR PURPOSE.

configure:3054: $? = 0
configure:3043: gcc -v >&5
Reading specs from /usr/lib/gcc/x86_64-redhat-linux/3.4.5/specs
Configured with: ../configure --prefix=/usr --mandir=/usr/share/man --infodir=/usr/share/info --enable-shared --enable-threads=posix --disable-checking --with-system-zlib --enable-__cxa_atexit --disable-libunwind-exceptions --enable-java-awt=gtk --host=x86_64-redhat-linux
Thread model: posix
gcc version 3.4.5 20051201 (Red Hat 3.4.5-2)
configure:3054: $? = 0
configure:3043: gcc -V >&5
gcc: `-V' option must have argument
configure:3054: $? = 1
configure:3043: gcc -qversion >&5
gcc: unrecognized option `-qversion'
gcc: no input files
configure:3054: $? = 1
configure:3074: checking whether the C compiler works
configure:3096: gcc    conftest.c  >&5
configure:3100: $? = 0
configure:3148: result: yes
configure:3151: checking for C compiler default output file name
configure:3153: result: a.out
configure:3159: checking for suffix of executables
configure:3166: gcc -o conftest    conftest.c  >&5
configure:3170: $? = 0
configure:3192: result: 
configure:3214: checking whether we are cross compiling
configure:3222: gcc -o conftest    conftest.c  >&5
configure:3226: $? = 0
configure:3233: ./conftest
configure:3237: $? = 0
configure:3252: result: no
configure:3257: checking for suffix of object files
configure:3279: gcc -c   conftest.c >&5
configure:3283: $? = 0
configure:3304: result: o
configure:3308: checking whether we are using the GNU C compiler
configure:3327: gcc -c   conftest.c >&5
configure:3327: $? = 0
configure:3336: result: yes
configure:3345: checking whether gcc accepts -g
configure:3365: gcc -c -g  conftest.c >&5
configure:3365: $? = 0
configure:3406: result: yes
configure:3423: checking for gcc option to accept ISO C89
configure:3487: gcc  -c -g -O2  conftest.c >&5
configure:3487: $? = 0
configure:3500: result: none needed
configure:3522: checking dependency style of gcc
configure:3632: result: gcc3
configure:3653: checking how to run the C preprocessor
configure:3684: gcc -E  conftest.c
configure:3684: $? = 0
configure:3698: gcc -E  conftest.c
conftest.c:11:28: ac_nonexistent.h: No such file or directory
configure:3698: $? = 1
configure: failed program was:
| /* confdefs.h */
| #define PACKAGE_NAME "sshpass"
| #define PACKAGE_TARNAME "sshpass"
| #define PACKAGE_VERSION "1.05"
| #define PACKAGE_STRING "sshpass 1.05"
| #define PACKAGE_BUGREPORT ""
| #define PACKAGE_URL ""
| #define PACKAGE "sshpass"
| #define VERSION "1.05"
| /* end confdefs.h.  */
| #include <ac_nonexistent.h>
configure:3723: result: gcc -E
configure:3743: gcc -E  conftest.c
configure:3743: $? = 0
configure:3757: gcc -E  conftest.c
conftest.c:11:28: ac_nonexistent.h: No such file or directory
configure:3757: $? = 1
configure: failed program was:
| /* confdefs.h */
| #define PACKAGE_NAME "sshpass"
| #define PACKAGE_TARNAME "sshpass"
| #define PACKAGE_VERSION "1.05"
| #define PACKAGE_STRING "sshpass 1.05"
| #define PACKAGE_BUGREPORT ""
| #define PACKAGE_URL ""
| #define PACKAGE "sshpass"
| #define VERSION "1.05"
| /* end confdefs.h.  */
| #include <ac_nonexistent.h>
configure:3786: checking for grep that handles long lines and -e
configure:3844: result: /bin/grep
configure:3849: checking for egrep
configure:3911: result: /bin/grep -E
configure:3916: checking for ANSI C header files
configure:3936: gcc -c -g -O2  conftest.c >&5
configure:3936: $? = 0
configure:4009: gcc -o conftest -g -O2   conftest.c  >&5
configure:4009: $? = 0
configure:4009: ./conftest
configure:4009: $? = 0
configure:4020: result: yes
configure:4033: checking for sys/types.h
configure:4033: gcc -c -g -O2  conftest.c >&5
configure:4033: $? = 0
configure:4033: result: yes
configure:4033: checking for sys/stat.h
configure:4033: gcc -c -g -O2  conftest.c >&5
configure:4033: $? = 0
configure:4033: result: yes
configure:4033: checking for stdlib.h
configure:4033: gcc -c -g -O2  conftest.c >&5
configure:4033: $? = 0
configure:4033: result: yes
configure:4033: checking for string.h
configure:4033: gcc -c -g -O2  conftest.c >&5
configure:4033: $? = 0
configure:4033: result: yes
configure:4033: checking for memory.h
configure:4033: gcc -c -g -O2  conftest.c >&5
configure:4033: $? = 0
configure:4033: result: yes
configure:4033: checking for strings.h
configure:4033: gcc -c -g -O2  conftest.c >&5
configure:4033: $? = 0
configure:4033: result: yes
configure:4033: checking for inttypes.h
configure:4033: gcc -c -g -O2  conftest.c >&5
configure:4033: $? = 0
configure:4033: result: yes
configure:4033: checking for stdint.h
configure:4033: gcc -c -g -O2  conftest.c >&5
configure:4033: $? = 0
configure:4033: result: yes
configure:4033: checking for unistd.h
configure:4033: gcc -c -g -O2  conftest.c >&5
configure:4033: $? = 0
configure:4033: result: yes
configure:4046: checking minix/config.h usability
configure:4046: gcc -c -g -O2  conftest.c >&5
conftest.c:54:26: minix/config.h: No such file or directory
configure:4046: $? = 1
configure: failed program was:
| /* confdefs.h */
| #define PACKAGE_NAME "sshpass"
| #define PACKAGE_TARNAME "sshpass"
| #define PACKAGE_VERSION "1.05"
| #define PACKAGE_STRING "sshpass 1.05"
| #define PACKAGE_BUGREPORT ""
| #define PACKAGE_URL ""
| #define PACKAGE "sshpass"
| #define VERSION "1.05"
| #define STDC_HEADERS 1
| #define HAVE_SYS_TYPES_H 1
| #define HAVE_SYS_STAT_H 1
| #define HAVE_STDLIB_H 1
| #define HAVE_STRING_H 1
| #define HAVE_MEMORY_H 1
| #define HAVE_STRINGS_H 1
| #define HAVE_INTTYPES_H 1
| #define HAVE_STDINT_H 1
| #define HAVE_UNISTD_H 1
| /* end confdefs.h.  */
| #include <stdio.h>
| #ifdef HAVE_SYS_TYPES_H
| # include <sys/types.h>
| #endif
| #ifdef HAVE_SYS_STAT_H
| # include <sys/stat.h>
| #endif
| #ifdef STDC_HEADERS
| # include <stdlib.h>
| # include <stddef.h>
| #else
| # ifdef HAVE_STDLIB_H
| #  include <stdlib.h>
| # endif
| #endif
| #ifdef HAVE_STRING_H
| # if !defined STDC_HEADERS && defined HAVE_MEMORY_H
| #  include <memory.h>
| # endif
| # include <string.h>
| #endif
| #ifdef HAVE_STRINGS_H
| # include <strings.h>
| #endif
| #ifdef HAVE_INTTYPES_H
| # include <inttypes.h>
| #endif
| #ifdef HAVE_STDINT_H
| # include <stdint.h>
| #endif
| #ifdef HAVE_UNISTD_H
| # include <unistd.h>
| #endif
| #include <minix/config.h>
configure:4046: result: no
configure:4046: checking minix/config.h presence
configure:4046: gcc -E  conftest.c
conftest.c:21:26: minix/config.h: No such file or directory
configure:4046: $? = 1
configure: failed program was:
| /* confdefs.h */
| #define PACKAGE_NAME "sshpass"
| #define PACKAGE_TARNAME "sshpass"
| #define PACKAGE_VERSION "1.05"
| #define PACKAGE_STRING "sshpass 1.05"
| #define PACKAGE_BUGREPORT ""
| #define PACKAGE_URL ""
| #define PACKAGE "sshpass"
| #define VERSION "1.05"
| #define STDC_HEADERS 1
| #define HAVE_SYS_TYPES_H 1
| #define HAVE_SYS_STAT_H 1
| #define HAVE_STDLIB_H 1
| #define HAVE_STRING_H 1
| #define HAVE_MEMORY_H 1
| #define HAVE_STRINGS_H 1
| #define HAVE_INTTYPES_H 1
| #define HAVE_STDINT_H 1
| #define HAVE_UNISTD_H 1
| /* end confdefs.h.  */
| #include <minix/config.h>
configure:4046: result: no
configure:4046: checking for minix/config.h
configure:4046: result: no
configure:4067: checking whether it is safe to define __EXTENSIONS__
configure:4085: gcc -c -g -O2  conftest.c >&5
configure:4085: $? = 0
configure:4092: result: yes
configure:4156: checking for gcc
configure:4183: result: gcc
configure:4412: checking for C compiler version
configure:4421: gcc --version >&5
gcc (GCC) 3.4.5 20051201 (Red Hat 3.4.5-2)
Copyright (C) 2004 Free Software Foundation, Inc.
This is free software; see the source for copying conditions.  There is NO
warranty; not even for MERCHANTABILITY or FITNESS FOR A PARTICULAR PURPOSE.

configure:4432: $? = 0
configure:4421: gcc -v >&5
Reading specs from /usr/lib/gcc/x86_64-redhat-linux/3.4.5/specs
Configured with: ../configure --prefix=/usr --mandir=/usr/share/man --infodir=/usr/share/info --enable-shared --enable-threads=posix --disable-checking --with-system-zlib --enable-__cxa_atexit --disable-libunwind-exceptions --enable-java-awt=gtk --host=x86_64-redhat-linux
Thread model: posix
gcc version 3.4.5 20051201 (Red Hat 3.4.5-2)
configure:4432: $? = 0
configure:4421: gcc -V >&5
gcc: `-V' option must have argument
configure:4432: $? = 1
configure:4421: gcc -qversion >&5
gcc: unrecognized option `-qversion'
gcc: no input files
configure:4432: $? = 1
configure:4436: checking whether we are using the GNU C compiler
configure:4464: result: yes
configure:4473: checking whether gcc accepts -g
configure:4534: result: yes
configure:4551: checking for gcc option to accept ISO C89
configure:4628: result: none needed
configure:4650: checking dependency style of gcc
configure:4760: result: gcc3
configure:4779: checking for ANSI C header files
configure:4883: result: yes
configure:4891: checking for sys/wait.h that is POSIX.1 compatible
configure:4917: gcc -c -g -O2  conftest.c >&5
configure:4917: $? = 0
configure:4924: result: yes
configure:4935: checking fcntl.h usability
configure:4935: gcc -c -g -O2  conftest.c >&5
configure:4935: $? = 0
configure:4935: result: yes
configure:4935: checking fcntl.h presence
configure:4935: gcc -E  conftest.c
configure:4935: $? = 0
configure:4935: result: yes
configure:4935: checking for fcntl.h
configure:4935: result: yes
configure:4935: checking for stdlib.h
configure:4935: result: yes
configure:4935: checking for string.h
configure:4935: result: yes
configure:4935: checking sys/ioctl.h usability
configure:4935: gcc -c -g -O2  conftest.c >&5
configure:4935: $? = 0
configure:4935: result: yes
configure:4935: checking sys/ioctl.h presence
configure:4935: gcc -E  conftest.c
configure:4935: $? = 0
configure:4935: result: yes
configure:4935: checking for sys/ioctl.h
configure:4935: result: yes
configure:4935: checking for unistd.h
configure:4935: result: yes
configure:4935: checking termios.h usability
configure:4935: gcc -c -g -O2  conftest.c >&5
configure:4935: $? = 0
configure:4935: result: yes
configure:4935: checking termios.h presence
configure:4935: gcc -E  conftest.c
configure:4935: $? = 0
configure:4935: result: yes
configure:4935: checking for termios.h
configure:4935: result: yes
configure:4947: checking for an ANSI C-conforming const
configure:5012: gcc -c -g -O2  conftest.c >&5
configure:5012: $? = 0
configure:5019: result: yes
configure:5027: checking for pid_t
configure:5027: gcc -c -g -O2  conftest.c >&5
configure:5027: $? = 0
configure:5027: gcc -c -g -O2  conftest.c >&5
conftest.c: In function `main':
conftest.c:70: error: syntax error before ')' token
configure:5027: $? = 1
configure: failed program was:
| /* confdefs.h */
| #define PACKAGE_NAME "sshpass"
| #define PACKAGE_TARNAME "sshpass"
| #define PACKAGE_VERSION "1.05"
| #define PACKAGE_STRING "sshpass 1.05"
| #define PACKAGE_BUGREPORT ""
| #define PACKAGE_URL ""
| #define PACKAGE "sshpass"
| #define VERSION "1.05"
| #define STDC_HEADERS 1
| #define HAVE_SYS_TYPES_H 1
| #define HAVE_SYS_STAT_H 1
| #define HAVE_STDLIB_H 1
| #define HAVE_STRING_H 1
| #define HAVE_MEMORY_H 1
| #define HAVE_STRINGS_H 1
| #define HAVE_INTTYPES_H 1
| #define HAVE_STDINT_H 1
| #define HAVE_UNISTD_H 1
| #define __EXTENSIONS__ 1
| #define _ALL_SOURCE 1
| #define _GNU_SOURCE 1
| #define _POSIX_PTHREAD_SEMANTICS 1
| #define _TANDEM_SOURCE 1
| #define STDC_HEADERS 1
| #define HAVE_SYS_WAIT_H 1
| #define HAVE_FCNTL_H 1
| #define HAVE_STDLIB_H 1
| #define HAVE_STRING_H 1
| #define HAVE_SYS_IOCTL_H 1
| #define HAVE_UNISTD_H 1
| #define HAVE_TERMIOS_H 1
| /* end confdefs.h.  */
| #include <stdio.h>
| #ifdef HAVE_SYS_TYPES_H
| # include <sys/types.h>
| #endif
| #ifdef HAVE_SYS_STAT_H
| # include <sys/stat.h>
| #endif
| #ifdef STDC_HEADERS
| # include <stdlib.h>
| # include <stddef.h>
| #else
| # ifdef HAVE_STDLIB_H
| #  include <stdlib.h>
| # endif
| #endif
| #ifdef HAVE_STRING_H
| # if !defined STDC_HEADERS && defined HAVE_MEMORY_H
| #  include <memory.h>
| # endif
| # include <string.h>
| #endif
| #ifdef HAVE_STRINGS_H
| # include <strings.h>
| #endif
| #ifdef HAVE_INTTYPES_H
| # include <inttypes.h>
| #endif
| #ifdef HAVE_STDINT_H
| # include <stdint.h>
| #endif
| #ifdef HAVE_UNISTD_H
| # include <unistd.h>
| #endif
| int
| main ()
| {
| if (sizeof ((pid_t)))
| 	    return 0;
|   ;
|   return 0;
| }
configure:5027: result: yes
configure:5038: checking for ssize_t
configure:5038: gcc -c -g -O2  conftest.c >&5
configure:5038: $? = 0
configure:5038: gcc -c -g -O2  conftest.c >&5
conftest.c: In function `main':
conftest.c:70: error: syntax error before ')' token
configure:5038: $? = 1
configure: failed program was:
| /* confdefs.h */
| #define PACKAGE_NAME "sshpass"
| #define PACKAGE_TARNAME "sshpass"
| #define PACKAGE_VERSION "1.05"
| #define PACKAGE_STRING "sshpass 1.05"
| #define PACKAGE_BUGREPORT ""
| #define PACKAGE_URL ""
| #define PACKAGE "sshpass"
| #define VERSION "1.05"
| #define STDC_HEADERS 1
| #define HAVE_SYS_TYPES_H 1
| #define HAVE_SYS_STAT_H 1
| #define HAVE_STDLIB_H 1
| #define HAVE_STRING_H 1
| #define HAVE_MEMORY_H 1
| #define HAVE_STRINGS_H 1
| #define HAVE_INTTYPES_H 1
| #define HAVE_STDINT_H 1
| #define HAVE_UNISTD_H 1
| #define __EXTENSIONS__ 1
| #define _ALL_SOURCE 1
| #define _GNU_SOURCE 1
| #define _POSIX_PTHREAD_SEMANTICS 1
| #define _TANDEM_SOURCE 1
| #define STDC_HEADERS 1
| #define HAVE_SYS_WAIT_H 1
| #define HAVE_FCNTL_H 1
| #define HAVE_STDLIB_H 1
| #define HAVE_STRING_H 1
| #define HAVE_SYS_IOCTL_H 1
| #define HAVE_UNISTD_H 1
| #define HAVE_TERMIOS_H 1
| /* end confdefs.h.  */
| #include <stdio.h>
| #ifdef HAVE_SYS_TYPES_H
| # include <sys/types.h>
| #endif
| #ifdef HAVE_SYS_STAT_H
| # include <sys/stat.h>
| #endif
| #ifdef STDC_HEADERS
| # include <stdlib.h>
| # include <stddef.h>
| #else
| # ifdef HAVE_STDLIB_H
| #  include <stdlib.h>
| # endif
| #endif
| #ifdef HAVE_STRING_H
| # if !defined STDC_HEADERS && defined HAVE_MEMORY_H
| #  include <memory.h>
| # endif
| # include <string.h>
| #endif
| #ifdef HAVE_STRINGS_H
| # include <strings.h>
| #endif
| #ifdef HAVE_INTTYPES_H
| # include <inttypes.h>
| #endif
| #ifdef HAVE_STDINT_H
| # include <stdint.h>
| #endif
| #ifdef HAVE_UNISTD_H
| # include <unistd.h>
| #endif
| int
| main ()
| {
| if (sizeof ((ssize_t)))
| 	    return 0;
|   ;
|   return 0;
| }
configure:5038: result: yes
configure:5053: checking vfork.h usability
configure:5053: gcc -c -g -O2  conftest.c >&5
conftest.c:67:19: vfork.h: No such file or directory
configure:5053: $? = 1
configure: failed program was:
| /* confdefs.h */
| #define PACKAGE_NAME "sshpass"
| #define PACKAGE_TARNAME "sshpass"
| #define PACKAGE_VERSION "1.05"
| #define PACKAGE_STRING "sshpass 1.05"
| #define PACKAGE_BUGREPORT ""
| #define PACKAGE_URL ""
| #define PACKAGE "sshpass"
| #define VERSION "1.05"
| #define STDC_HEADERS 1
| #define HAVE_SYS_TYPES_H 1
| #define HAVE_SYS_STAT_H 1
| #define HAVE_STDLIB_H 1
| #define HAVE_STRING_H 1
| #define HAVE_MEMORY_H 1
| #define HAVE_STRINGS_H 1
| #define HAVE_INTTYPES_H 1
| #define HAVE_STDINT_H 1
| #define HAVE_UNISTD_H 1
| #define __EXTENSIONS__ 1
| #define _ALL_SOURCE 1
| #define _GNU_SOURCE 1
| #define _POSIX_PTHREAD_SEMANTICS 1
| #define _TANDEM_SOURCE 1
| #define STDC_HEADERS 1
| #define HAVE_SYS_WAIT_H 1
| #define HAVE_FCNTL_H 1
| #define HAVE_STDLIB_H 1
| #define HAVE_STRING_H 1
| #define HAVE_SYS_IOCTL_H 1
| #define HAVE_UNISTD_H 1
| #define HAVE_TERMIOS_H 1
| /* end confdefs.h.  */
| #include <stdio.h>
| #ifdef HAVE_SYS_TYPES_H
| # include <sys/types.h>
| #endif
| #ifdef HAVE_SYS_STAT_H
| # include <sys/stat.h>
| #endif
| #ifdef STDC_HEADERS
| # include <stdlib.h>
| # include <stddef.h>
| #else
| # ifdef HAVE_STDLIB_H
| #  include <stdlib.h>
| # endif
| #endif
| #ifdef HAVE_STRING_H
| # if !defined STDC_HEADERS && defined HAVE_MEMORY_H
| #  include <memory.h>
| # endif
| # include <string.h>
| #endif
| #ifdef HAVE_STRINGS_H
| # include <strings.h>
| #endif
| #ifdef HAVE_INTTYPES_H
| # include <inttypes.h>
| #endif
| #ifdef HAVE_STDINT_H
| # include <stdint.h>
| #endif
| #ifdef HAVE_UNISTD_H
| # include <unistd.h>
| #endif
| #include <vfork.h>
configure:5053: result: no
configure:5053: checking vfork.h presence
configure:5053: gcc -E  conftest.c
conftest.c:34:19: vfork.h: No such file or directory
configure:5053: $? = 1
configure: failed program was:
| /* confdefs.h */
| #define PACKAGE_NAME "sshpass"
| #define PACKAGE_TARNAME "sshpass"
| #define PACKAGE_VERSION "1.05"
| #define PACKAGE_STRING "sshpass 1.05"
| #define PACKAGE_BUGREPORT ""
| #define PACKAGE_URL ""
| #define PACKAGE "sshpass"
| #define VERSION "1.05"
| #define STDC_HEADERS 1
| #define HAVE_SYS_TYPES_H 1
| #define HAVE_SYS_STAT_H 1
| #define HAVE_STDLIB_H 1
| #define HAVE_STRING_H 1
| #define HAVE_MEMORY_H 1
| #define HAVE_STRINGS_H 1
| #define HAVE_INTTYPES_H 1
| #define HAVE_STDINT_H 1
| #define HAVE_UNISTD_H 1
| #define __EXTENSIONS__ 1
| #define _ALL_SOURCE 1
| #define _GNU_SOURCE 1
| #define _POSIX_PTHREAD_SEMANTICS 1
| #define _TANDEM_SOURCE 1
| #define STDC_HEADERS 1
| #define HAVE_SYS_WAIT_H 1
| #define HAVE_FCNTL_H 1
| #define HAVE_STDLIB_H 1
| #define HAVE_STRING_H 1
| #define HAVE_SYS_IOCTL_H 1
| #define HAVE_UNISTD_H 1
| #define HAVE_TERMIOS_H 1
| /* end confdefs.h.  */
| #include <vfork.h>
configure:5053: result: no
configure:5053: checking for vfork.h
configure:5053: result: no
configure:5066: checking for fork
configure:5066: gcc -o conftest -g -O2   conftest.c  >&5
configure:5066: $? = 0
configure:5066: result: yes
configure:5066: checking for vfork
configure:5066: gcc -o conftest -g -O2   conftest.c  >&5
configure:5066: $? = 0
configure:5066: result: yes
configure:5076: checking for working fork
configure:5098: gcc -o conftest -g -O2   conftest.c  >&5
configure:5098: $? = 0
configure:5098: ./conftest
configure:5098: $? = 0
configure:5108: result: yes
configure:5129: checking for working vfork
configure:5239: result: yes
configure:5265: checking whether gcc needs -traditional
configure:5299: result: no
configure:5308: checking for stdlib.h
configure:5308: result: yes
configure:5318: checking for GNU libc compatible malloc
configure:5342: gcc -o conftest -g -O2   conftest.c  >&5
configure:5342: $? = 0
configure:5342: ./conftest
configure:5342: $? = 0
configure:5352: result: yes
configure:5376: checking sys/select.h usability
configure:5376: gcc -c -g -O2  conftest.c >&5
configure:5376: $? = 0
configure:5376: result: yes
configure:5376: checking sys/select.h presence
configure:5376: gcc -E  conftest.c
configure:5376: $? = 0
configure:5376: result: yes
configure:5376: checking for sys/select.h
configure:5376: result: yes
configure:5376: checking sys/socket.h usability
configure:5376: gcc -c -g -O2  conftest.c >&5
configure:5376: $? = 0
configure:5376: result: yes
configure:5376: checking sys/socket.h presence
configure:5376: gcc -E  conftest.c
configure:5376: $? = 0
configure:5376: result: yes
configure:5376: checking for sys/socket.h
configure:5376: result: yes
configure:5386: checking types of arguments for select
configure:5414: gcc -c -g -O2  conftest.c >&5
configure:5414: $? = 0
configure:5425: result: int,fd_set *,struct timeval *
configure:5448: checking return type of signal handlers
configure:5466: gcc -c -g -O2  conftest.c >&5
conftest.c: In function `main':
conftest.c:51: error: void value not ignored as it ought to be
configure:5466: $? = 1
configure: failed program was:
| /* confdefs.h */
| #define PACKAGE_NAME "sshpass"
| #define PACKAGE_TARNAME "sshpass"
| #define PACKAGE_VERSION "1.05"
| #define PACKAGE_STRING "sshpass 1.05"
| #define PACKAGE_BUGREPORT ""
| #define PACKAGE_URL ""
| #define PACKAGE "sshpass"
| #define VERSION "1.05"
| #define STDC_HEADERS 1
| #define HAVE_SYS_TYPES_H 1
| #define HAVE_SYS_STAT_H 1
| #define HAVE_STDLIB_H 1
| #define HAVE_STRING_H 1
| #define HAVE_MEMORY_H 1
| #define HAVE_STRINGS_H 1
| #define HAVE_INTTYPES_H 1
| #define HAVE_STDINT_H 1
| #define HAVE_UNISTD_H 1
| #define __EXTENSIONS__ 1
| #define _ALL_SOURCE 1
| #define _GNU_SOURCE 1
| #define _POSIX_PTHREAD_SEMANTICS 1
| #define _TANDEM_SOURCE 1
| #define STDC_HEADERS 1
| #define HAVE_SYS_WAIT_H 1
| #define HAVE_FCNTL_H 1
| #define HAVE_STDLIB_H 1
| #define HAVE_STRING_H 1
| #define HAVE_SYS_IOCTL_H 1
| #define HAVE_UNISTD_H 1
| #define HAVE_TERMIOS_H 1
| #define HAVE_FORK 1
| #define HAVE_VFORK 1
| #define HAVE_WORKING_VFORK 1
| #define HAVE_WORKING_FORK 1
| #define HAVE_STDLIB_H 1
| #define HAVE_MALLOC 1
| #define HAVE_SYS_SELECT_H 1
| #define HAVE_SYS_SOCKET_H 1
| #define SELECT_TYPE_ARG1 int
| #define SELECT_TYPE_ARG234 (fd_set *)
| #define SELECT_TYPE_ARG5 (struct timeval *)
| /* end confdefs.h.  */
| #include <sys/types.h>
| #include <signal.h>
| 
| int
| main ()
| {
| return *(signal (0, 0)) (0) == 1;
|   ;
|   return 0;
| }
configure:5473: result: void
configure:5484: checking for select
configure:5484: gcc -o conftest -g -O2   conftest.c  >&5
configure:5484: $? = 0
configure:5484: result: yes
configure:5484: checking for posix_openpt
configure:5484: gcc -o conftest -g -O2   conftest.c  >&5
configure:5484: $? = 0
configure:5484: result: yes
configure:5484: checking for strdup
configure:5484: gcc -o conftest -g -O2   conftest.c  >&5
conftest.c:71: warning: conflicting types for built-in function 'strdup'
configure:5484: $? = 0
configure:5484: result: yes
configure:5621: creating ./config.status

## ---------------------- ##
## Running config.status. ##
## ---------------------- ##

This file was extended by sshpass config.status 1.05, which was
generated by GNU Autoconf 2.67.  Invocation command line was

  CONFIG_FILES    = 
  CONFIG_HEADERS  = 
  CONFIG_LINKS    = 
  CONFIG_COMMANDS = 
  $ ./config.status 

on yx-testing-oped2006.vm.baidu.com

config.status:884: creating Makefile
config.status:884: creating config.h
config.status:1112: executing depfiles commands

## ---------------- ##
## Cache variables. ##
## ---------------- ##

ac_cv_c_compiler_gnu=yes
ac_cv_c_const=yes
ac_cv_env_CC_set=
ac_cv_env_CC_value=
ac_cv_env_CFLAGS_set=
ac_cv_env_CFLAGS_value=
ac_cv_env_CPPFLAGS_set=
ac_cv_env_CPPFLAGS_value=
ac_cv_env_CPP_set=
ac_cv_env_CPP_value=
ac_cv_env_LDFLAGS_set=
ac_cv_env_LDFLAGS_value=
ac_cv_env_LIBS_set=
ac_cv_env_LIBS_value=
ac_cv_env_build_alias_set=
ac_cv_env_build_alias_value=
ac_cv_env_host_alias_set=
ac_cv_env_host_alias_value=
ac_cv_env_target_alias_set=
ac_cv_env_target_alias_value=
ac_cv_func_fork=yes
ac_cv_func_fork_works=yes
ac_cv_func_malloc_0_nonnull=yes
ac_cv_func_posix_openpt=yes
ac_cv_func_select=yes
ac_cv_func_select_args='int,fd_set *,struct timeval *'
ac_cv_func_strdup=yes
ac_cv_func_vfork=yes
ac_cv_func_vfork_works=yes
ac_cv_header_fcntl_h=yes
ac_cv_header_inttypes_h=yes
ac_cv_header_memory_h=yes
ac_cv_header_minix_config_h=no
ac_cv_header_stdc=yes
ac_cv_header_stdint_h=yes
ac_cv_header_stdlib_h=yes
ac_cv_header_string_h=yes
ac_cv_header_strings_h=yes
ac_cv_header_sys_ioctl_h=yes
ac_cv_header_sys_select_h=yes
ac_cv_header_sys_socket_h=yes
ac_cv_header_sys_stat_h=yes
ac_cv_header_sys_types_h=yes
ac_cv_header_sys_wait_h=yes
ac_cv_header_termios_h=yes
ac_cv_header_unistd_h=yes
ac_cv_header_vfork_h=no
ac_cv_objext=o
ac_cv_path_EGREP='/bin/grep -E'
ac_cv_path_GREP=/bin/grep
ac_cv_path_install='/usr/bin/install -c'
ac_cv_path_mkdir=/bin/mkdir
ac_cv_prog_AWK=gawk
ac_cv_prog_CPP='gcc -E'
ac_cv_prog_ac_ct_CC=gcc
ac_cv_prog_cc_c89=
ac_cv_prog_cc_g=yes
ac_cv_prog_gcc_traditional=no
ac_cv_prog_make_make_set=yes
ac_cv_safe_to_define___extensions__=yes
ac_cv_type_pid_t=yes
ac_cv_type_signal=void
ac_cv_type_ssize_t=yes
am_cv_CC_dependencies_compiler_type=gcc3

## ----------------- ##
## Output variables. ##
## ----------------- ##

ACLOCAL='${SHELL} /home/work/sunshengxiang/opqa-user/sunshengxiang/project/go/src/sshpass-1.05/missing --run aclocal-1.11'
AMDEPBACKSLASH='\'
AMDEP_FALSE='#'
AMDEP_TRUE=''
AMTAR='${SHELL} /home/work/sunshengxiang/opqa-user/sunshengxiang/project/go/src/sshpass-1.05/missing --run tar'
AUTOCONF='${SHELL} /home/work/sunshengxiang/opqa-user/sunshengxiang/project/go/src/sshpass-1.05/missing --run autoconf'
AUTOHEADER='${SHELL} /home/work/sunshengxiang/opqa-user/sunshengxiang/project/go/src/sshpass-1.05/missing --run autoheader'
AUTOMAKE='${SHELL} /home/work/sunshengxiang/opqa-user/sunshengxiang/project/go/src/sshpass-1.05/missing --run automake-1.11'
AWK='gawk'
CC='gcc'
CCDEPMODE='depmode=gcc3'
CFLAGS='-g -O2'
CPP='gcc -E'
CPPFLAGS=''
CYGPATH_W='echo'
DEFS='-DHAVE_CONFIG_H'
DEPDIR='.deps'
ECHO_C=''
ECHO_N='-n'
ECHO_T=''
EGREP='/bin/grep -E'
EXEEXT=''
GREP='/bin/grep'
INSTALL_DATA='${INSTALL} -m 644'
INSTALL_PROGRAM='${INSTALL}'
INSTALL_SCRIPT='${INSTALL}'
INSTALL_STRIP_PROGRAM='$(install_sh) -c -s'
LDFLAGS=''
LIBOBJS=''
LIBS=''
LTLIBOBJS=''
MAKEINFO='${SHELL} /home/work/sunshengxiang/opqa-user/sunshengxiang/project/go/src/sshpass-1.05/missing --run makeinfo'
MKDIR_P='/bin/mkdir -p'
OBJEXT='o'
PACKAGE='sshpass'
PACKAGE_BUGREPORT=''
PACKAGE_NAME='sshpass'
PACKAGE_STRING='sshpass 1.05'
PACKAGE_TARNAME='sshpass'
PACKAGE_URL=''
PACKAGE_VERSION='1.05'
PATH_SEPARATOR=':'
SET_MAKE=''
SHELL='/bin/sh'
STRIP=''
VERSION='1.05'
ac_ct_CC='gcc'
am__EXEEXT_FALSE=''
am__EXEEXT_TRUE='#'
am__fastdepCC_FALSE='#'
am__fastdepCC_TRUE=''
am__include='include'
am__isrc=''
am__leading_dot='.'
am__quote=''
am__tar='${AMTAR} chof - "$$tardir"'
am__untar='${AMTAR} xf -'
bindir='${exec_prefix}/bin'
build_alias=''
datadir='${datarootdir}'
datarootdir='${prefix}/share'
docdir='${datarootdir}/doc/${PACKAGE_TARNAME}'
dvidir='${docdir}'
exec_prefix='${prefix}'
host_alias=''
htmldir='${docdir}'
includedir='${prefix}/include'
infodir='${datarootdir}/info'
install_sh='${SHELL} /home/work/sunshengxiang/opqa-user/sunshengxiang/project/go/src/sshpass-1.05/install-sh'
libdir='${exec_prefix}/lib'
libexecdir='${exec_prefix}/libexec'
localedir='${datarootdir}/locale'
localstatedir='${prefix}/var'
mandir='${datarootdir}/man'
mkdir_p='/bin/mkdir -p'
oldincludedir='/usr/include'
pdfdir='${docdir}'
prefix='/usr/local'
program_transform_name='s,x,x,'
psdir='${docdir}'
sbindir='${exec_prefix}/sbin'
sharedstatedir='${prefix}/com'
sysconfdir='${prefix}/etc'
target_alias=''

## ----------- ##
## confdefs.h. ##
## ----------- ##

/* confdefs.h */
#define PACKAGE_NAME "sshpass"
#define PACKAGE_TARNAME "sshpass"
#define PACKAGE_VERSION "1.05"
#define PACKAGE_STRING "sshpass 1.05"
#define PACKAGE_BUGREPORT ""
#define PACKAGE_URL ""
#define PACKAGE "sshpass"
#define VERSION "1.05"
#define STDC_HEADERS 1
#define HAVE_SYS_TYPES_H 1
#define HAVE_SYS_STAT_H 1
#define HAVE_STDLIB_H 1
#define HAVE_STRING_H 1
#define HAVE_MEMORY_H 1
#define HAVE_STRINGS_H 1
#define HAVE_INTTYPES_H 1
#define HAVE_STDINT_H 1
#define HAVE_UNISTD_H 1
#define __EXTENSIONS__ 1
#define _ALL_SOURCE 1
#define _GNU_SOURCE 1
#define _POSIX_PTHREAD_SEMANTICS 1
#define _TANDEM_SOURCE 1
#define STDC_HEADERS 1
#define HAVE_SYS_WAIT_H 1
#define HAVE_FCNTL_H 1
#define HAVE_STDLIB_H 1
#define HAVE_STRING_H 1
#define HAVE_SYS_IOCTL_H 1
#define HAVE_UNISTD_H 1
#define HAVE_TERMIOS_H 1
#define HAVE_FORK 1
#define HAVE_VFORK 1
#define HAVE_WORKING_VFORK 1
#define HAVE_WORKING_FORK 1
#define HAVE_STDLIB_H 1
#define HAVE_MALLOC 1
#define HAVE_SYS_SELECT_H 1
#define HAVE_SYS_SOCKET_H 1
#define SELECT_TYPE_ARG1 int
#define SELECT_TYPE_ARG234 (fd_set *)
#define SELECT_TYPE_ARG5 (struct timeval *)
#define RETSIGTYPE void
#define HAVE_SELECT 1
#define HAVE_POSIX_OPENPT 1
#define HAVE_STRDUP 1

configure: exit 0
